<?xml version="1.0" encoding="UTF-8"?>
<testng-results skipped="0" failed="0" ignored="0" total="1" passed="1">
  <reporter-output>
  </reporter-output>
  <suite name="Default suite" duration-ms="338521" started-at="2021-06-08T15:33:28 IST" finished-at="2021-06-08T15:39:07 IST">
    <groups>
    </groups>
    <test name="Default test" duration-ms="338521" started-at="2021-06-08T15:33:28 IST" finished-at="2021-06-08T15:39:07 IST">
      <class name="execution.AssetCreation">
        <test-method status="PASS" signature="beforeTest()[pri:0, instance:execution.AssetCreation@6ee52dcd]" name="beforeTest" is-config="true" duration-ms="894" started-at="2021-06-08T15:33:28 IST" finished-at="2021-06-08T15:33:29 IST">
          <reporter-output>
          </reporter-output>
        </test-method> <!-- beforeTest -->
        <test-method status="PASS" signature="assetCreation()[pri:0, instance:execution.AssetCreation@6ee52dcd]" name="assetCreation" duration-ms="337600" started-at="2021-06-08T15:33:29 IST" finished-at="2021-06-08T15:39:07 IST">
          <reporter-output>
          </reporter-output>
        </test-method> <!-- assetCreation -->
        <test-method status="PASS" signature="afterTest()[pri:0, instance:execution.AssetCreation@6ee52dcd]" name="afterTest" is-config="true" duration-ms="1" started-at="2021-06-08T15:39:07 IST" finished-at="2021-06-08T15:39:07 IST">
          <reporter-output>
          </reporter-output>
        </test-method> <!-- afterTest -->
      </class> <!-- execution.AssetCreation -->
    </test> <!-- Default test -->
  </suite> <!-- Default suite -->
</testng-results>
